Logging to: sweep_runs_20ep_mnist_no_backbone/mlp_patch__lif_count
Parameter summary:
  trainable : 28,140
  frozen    : 0
  total     : 28,140
  by module:
    encoder  trainable       25,058 | total       25,058
    decoder  trainable        3,082 | total        3,082
Device: cuda
Pipeline: dataset=mnist, encoder=mlp_patch, backbone=none, decoder=lif_count, pooling=mean
Schedule: warmup=5, cosine=15, cosine_cycles=1.0, finetune=0, finetune_cycles=1.0, finetune_lr_scale=0.2
warmup 001/020 | lr 2.000e-04 | train loss 1.5896 acc 44.76% | val loss 1.1978 acc 56.41%
warmup 002/020 | lr 4.000e-04 | train loss 1.0239 acc 65.73% | val loss 0.8269 acc 72.48%
warmup 003/020 | lr 6.000e-04 | train loss 0.8202 acc 72.87% | val loss 0.6604 acc 79.22%
warmup 004/020 | lr 8.000e-04 | train loss 0.6802 acc 78.11% | val loss 0.5482 acc 83.58%
warmup 005/020 | lr 1.000e-03 | train loss 0.5951 acc 81.27% | val loss 0.4822 acc 86.01%
cosine 006/020 | lr 1.000e-03 | train loss 0.5414 acc 83.16% | val loss 0.4683 acc 85.85%
cosine 007/020 | lr 9.530e-04 | train loss 0.4973 acc 84.69% | val loss 0.4566 acc 86.23%
cosine 008/020 | lr 8.212e-04 | train loss 0.4719 acc 85.52% | val loss 0.4136 acc 87.68%
cosine 009/020 | lr 6.307e-04 | train loss 0.4491 acc 86.38% | val loss 0.3908 acc 88.55%
cosine 010/020 | lr 4.193e-04 | train loss 0.4292 acc 87.15% | val loss 0.3802 acc 88.59%
cosine 011/020 | lr 2.288e-04 | train loss 0.4173 acc 87.50% | val loss 0.3797 acc 88.93%
cosine 012/020 | lr 9.704e-05 | train loss 0.4089 acc 87.79% | val loss 0.3622 acc 88.96%
cosine 013/020 | lr 5.000e-05 | train loss 0.4046 acc 87.87% | val loss 0.3611 acc 89.39%
cosine 014/020 | lr 9.704e-05 | train loss 0.4075 acc 87.83% | val loss 0.3626 acc 88.95%
cosine 015/020 | lr 2.288e-04 | train loss 0.4113 acc 87.56% | val loss 0.3731 acc 88.88%
cosine 016/020 | lr 4.193e-04 | train loss 0.4152 acc 87.40% | val loss 0.3627 acc 89.18%
cosine 017/020 | lr 6.307e-04 | train loss 0.4180 acc 87.38% | val loss 0.3617 acc 89.56%
cosine 018/020 | lr 8.212e-04 | train loss 0.4202 acc 87.26% | val loss 0.3853 acc 88.67%
cosine 019/020 | lr 9.530e-04 | train loss 0.4167 acc 87.41% | val loss 0.3550 acc 89.50%
cosine 020/020 | lr 1.000e-03 | train loss 0.4084 acc 87.76% | val loss 0.3707 acc 88.53%
Latest checkpoint: sweep_runs_20ep_mnist_no_backbone/mlp_patch__lif_count/latest.pt
Best checkpoint: sweep_runs_20ep_mnist_no_backbone/mlp_patch__lif_count/best.pt (epoch 17, val acc 89.56%)
Training log: sweep_runs_20ep_mnist_no_backbone/mlp_patch__lif_count/train.log
Metrics JSONL: sweep_runs_20ep_mnist_no_backbone/mlp_patch__lif_count/metrics.jsonl
Metrics CSV: sweep_runs_20ep_mnist_no_backbone/mlp_patch__lif_count/metrics.csv
Run args: sweep_runs_20ep_mnist_no_backbone/mlp_patch__lif_count/args.json
