Logging to: sweep_mnist_20ep/linear_patch__linear
Parameter summary:
  trainable : 44,140
  frozen    : 0
  total     : 44,140
  by module:
    encoder  trainable        8,546 | total        8,546
    backbone trainable       33,280 | total       33,280
    decoder  trainable        2,314 | total        2,314
Device: cpu
Pipeline: dataset=mnist, encoder=linear_patch, backbone=tpsapu, decoder=linear, pooling=last
Schedule: warmup=5, cosine=15, cosine_cycles=1.0, prune=0, prune_cycles=1.0, l2_prune_start=1.0e-07, l2_prune_growth_epochs=4, target_sparsity=95.0%, prune_ramp_epochs=1, prune_stabilize_epochs=-1
warmup 001/020 | lr 2.000e-04 | train loss 1.1430 acc 63.45% | val loss 0.7008 acc 78.17%
warmup 002/020 | lr 4.000e-04 | train loss 0.5620 acc 82.56% | val loss 0.3857 acc 88.21%
warmup 003/020 | lr 6.000e-04 | train loss 0.3548 acc 89.05% | val loss 0.2639 acc 91.88%
warmup 004/020 | lr 8.000e-04 | train loss 0.2647 acc 91.80% | val loss 0.2057 acc 93.51%
warmup 005/020 | lr 1.000e-03 | train loss 0.2206 acc 93.11% | val loss 0.2157 acc 93.10%
cosine 006/020 | lr 1.000e-03 | train loss 0.1838 acc 94.27% | val loss 0.1736 acc 94.77%
cosine 007/020 | lr 9.530e-04 | train loss 0.1537 acc 95.19% | val loss 0.1496 acc 95.36%
cosine 008/020 | lr 8.212e-04 | train loss 0.1311 acc 95.96% | val loss 0.1296 acc 96.11%
cosine 009/020 | lr 6.307e-04 | train loss 0.1116 acc 96.52% | val loss 0.1147 acc 96.46%
cosine 010/020 | lr 4.193e-04 | train loss 0.0939 acc 97.08% | val loss 0.1007 acc 97.09%
cosine 011/020 | lr 2.288e-04 | train loss 0.0822 acc 97.47% | val loss 0.0991 acc 97.02%
cosine 012/020 | lr 9.704e-05 | train loss 0.0729 acc 97.79% | val loss 0.0919 acc 97.33%
cosine 013/020 | lr 5.000e-05 | train loss 0.0680 acc 97.95% | val loss 0.0913 acc 97.36%
cosine 014/020 | lr 9.704e-05 | train loss 0.0702 acc 97.80% | val loss 0.0896 acc 97.45%
cosine 015/020 | lr 2.288e-04 | train loss 0.0754 acc 97.71% | val loss 0.0952 acc 97.12%
cosine 016/020 | lr 4.193e-04 | train loss 0.0817 acc 97.44% | val loss 0.0951 acc 97.15%
cosine 017/020 | lr 6.307e-04 | train loss 0.0904 acc 97.14% | val loss 0.1069 acc 96.75%
cosine 018/020 | lr 8.212e-04 | train loss 0.0950 acc 96.95% | val loss 0.1116 acc 96.61%
cosine 019/020 | lr 9.530e-04 | train loss 0.0965 acc 96.90% | val loss 0.0993 acc 97.09%
cosine 020/020 | lr 1.000e-03 | train loss 0.0910 acc 97.07% | val loss 0.1031 acc 96.91%
Latest checkpoint: sweep_mnist_20ep/linear_patch__linear/latest.pt
Best checkpoint: sweep_mnist_20ep/linear_patch__linear/best.pt (epoch 14, val acc 97.45%)
Training log: sweep_mnist_20ep/linear_patch__linear/train.log
Metrics JSONL: sweep_mnist_20ep/linear_patch__linear/metrics.jsonl
Metrics CSV: sweep_mnist_20ep/linear_patch__linear/metrics.csv
Run args: sweep_mnist_20ep/linear_patch__linear/args.json
