Logging to: sweep_runs/linear_patch__linear
Parameter summary:
  trainable : 44,140
  frozen    : 0
  total     : 44,140
  by module:
    encoder  trainable        8,546 | total        8,546
    backbone trainable       33,280 | total       33,280
    decoder  trainable        2,314 | total        2,314
Device: cuda
Pipeline: dataset=mnist, encoder=linear_patch, backbone=tpsapu, decoder=linear, pooling=last
Schedule: warmup=5, cosine=15, cosine_cycles=1.0, prune=0, prune_cycles=1.0, l2_prune_start=1.0e-07, l2_prune_growth_epochs=4, target_sparsity=95.0%, prune_ramp_epochs=1, prune_stabilize_epochs=-1
warmup 001/020 | lr 2.000e-04 | train loss 1.1422 acc 63.40% | val loss 0.6977 acc 78.31%
warmup 002/020 | lr 4.000e-04 | train loss 0.5655 acc 82.40% | val loss 0.3905 acc 87.92%
warmup 003/020 | lr 6.000e-04 | train loss 0.3562 acc 88.98% | val loss 0.2708 acc 91.88%
warmup 004/020 | lr 8.000e-04 | train loss 0.2680 acc 91.67% | val loss 0.2511 acc 92.13%
warmup 005/020 | lr 1.000e-03 | train loss 0.2209 acc 93.10% | val loss 0.1755 acc 94.64%
cosine 006/020 | lr 1.000e-03 | train loss 0.1818 acc 94.39% | val loss 0.1593 acc 95.00%
cosine 007/020 | lr 9.530e-04 | train loss 0.1525 acc 95.27% | val loss 0.1375 acc 95.96%
cosine 008/020 | lr 8.212e-04 | train loss 0.1324 acc 95.91% | val loss 0.1197 acc 96.42%
cosine 009/020 | lr 6.307e-04 | train loss 0.1114 acc 96.52% | val loss 0.1128 acc 96.64%
cosine 010/020 | lr 4.193e-04 | train loss 0.0951 acc 97.10% | val loss 0.1024 acc 96.99%
cosine 011/020 | lr 2.288e-04 | train loss 0.0806 acc 97.57% | val loss 0.0982 acc 97.13%
cosine 012/020 | lr 9.704e-05 | train loss 0.0727 acc 97.78% | val loss 0.0937 acc 97.31%
cosine 013/020 | lr 5.000e-05 | train loss 0.0685 acc 97.87% | val loss 0.0915 acc 97.39%
cosine 014/020 | lr 9.704e-05 | train loss 0.0686 acc 97.92% | val loss 0.0956 acc 97.21%
cosine 015/020 | lr 2.288e-04 | train loss 0.0745 acc 97.65% | val loss 0.0925 acc 97.29%
cosine 016/020 | lr 4.193e-04 | train loss 0.0824 acc 97.41% | val loss 0.1021 acc 96.86%
cosine 017/020 | lr 6.307e-04 | train loss 0.0895 acc 97.17% | val loss 0.0999 acc 96.99%
cosine 018/020 | lr 8.212e-04 | train loss 0.0968 acc 96.90% | val loss 0.1042 acc 96.68%
cosine 019/020 | lr 9.530e-04 | train loss 0.0939 acc 96.97% | val loss 0.1033 acc 96.71%
cosine 020/020 | lr 1.000e-03 | train loss 0.0910 acc 97.02% | val loss 0.1171 acc 96.42%
Latest checkpoint: sweep_runs/linear_patch__linear/latest.pt
Best checkpoint: sweep_runs/linear_patch__linear/best.pt (epoch 13, val acc 97.39%)
Training log: sweep_runs/linear_patch__linear/train.log
Metrics JSONL: sweep_runs/linear_patch__linear/metrics.jsonl
Metrics CSV: sweep_runs/linear_patch__linear/metrics.csv
Run args: sweep_runs/linear_patch__linear/args.json
