Logging to: sweep_runs/rows__spike_mlp
Parameter summary:
  trainable : 67,010
  frozen    : 0
  total     : 67,010
  by module:
    encoder  trainable        7,352 | total        7,352
    backbone trainable       33,280 | total       33,280
    decoder  trainable       26,378 | total       26,378
Device: cuda
Pipeline: dataset=mnist, encoder=rows, backbone=tpsapu, decoder=spike_mlp, pooling=last
Schedule: warmup=5, cosine=15, cosine_cycles=1.0, prune=0, prune_cycles=1.0, l2_prune_start=1.0e-07, l2_prune_growth_epochs=4, target_sparsity=95.0%, prune_ramp_epochs=1, prune_stabilize_epochs=-1
warmup 001/020 | lr 2.000e-04 | train loss 2.1631 acc 16.02% | val loss 2.0304 acc 21.31%
warmup 002/020 | lr 4.000e-04 | train loss 2.0122 acc 21.79% | val loss 1.9499 acc 25.77%
warmup 003/020 | lr 6.000e-04 | train loss 1.8130 acc 29.40% | val loss 1.5283 acc 40.48%
warmup 004/020 | lr 8.000e-04 | train loss 1.3058 acc 52.00% | val loss 1.0560 acc 64.27%
warmup 005/020 | lr 1.000e-03 | train loss 0.9511 acc 66.31% | val loss 0.7641 acc 73.26%
cosine 006/020 | lr 1.000e-03 | train loss 0.7094 acc 74.73% | val loss 0.6439 acc 77.01%
cosine 007/020 | lr 9.530e-04 | train loss 0.5759 acc 80.12% | val loss 0.5316 acc 81.98%
cosine 008/020 | lr 8.212e-04 | train loss 0.4382 acc 85.36% | val loss 0.3786 acc 87.77%
cosine 009/020 | lr 6.307e-04 | train loss 0.3599 acc 88.17% | val loss 0.3342 acc 89.57%
cosine 010/020 | lr 4.193e-04 | train loss 0.3120 acc 89.87% | val loss 0.3014 acc 90.00%
cosine 011/020 | lr 2.288e-04 | train loss 0.2845 acc 90.66% | val loss 0.2701 acc 91.11%
cosine 012/020 | lr 9.704e-05 | train loss 0.2697 acc 91.19% | val loss 0.2570 acc 91.56%
cosine 013/020 | lr 5.000e-05 | train loss 0.2622 acc 91.36% | val loss 0.2553 acc 91.70%
cosine 014/020 | lr 9.704e-05 | train loss 0.2607 acc 91.45% | val loss 0.2510 acc 91.72%
cosine 015/020 | lr 2.288e-04 | train loss 0.2587 acc 91.59% | val loss 0.2558 acc 91.92%
cosine 016/020 | lr 4.193e-04 | train loss 0.2545 acc 91.79% | val loss 0.2279 acc 92.91%
cosine 017/020 | lr 6.307e-04 | train loss 0.2413 acc 92.40% | val loss 0.2144 acc 93.14%
cosine 018/020 | lr 8.212e-04 | train loss 0.2239 acc 92.95% | val loss 0.1971 acc 94.04%
cosine 019/020 | lr 9.530e-04 | train loss 0.2057 acc 93.57% | val loss 0.2127 acc 93.43%
cosine 020/020 | lr 1.000e-03 | train loss 0.1913 acc 94.17% | val loss 0.2005 acc 93.91%
Latest checkpoint: sweep_runs/rows__spike_mlp/latest.pt
Best checkpoint: sweep_runs/rows__spike_mlp/best.pt (epoch 18, val acc 94.04%)
Training log: sweep_runs/rows__spike_mlp/train.log
Metrics JSONL: sweep_runs/rows__spike_mlp/metrics.jsonl
Metrics CSV: sweep_runs/rows__spike_mlp/metrics.csv
Run args: sweep_runs/rows__spike_mlp/args.json
