Logging to: sweep_mnist_20ep/linear_patch__all_state_mlp
Parameter summary:
  trainable : 176,108
  frozen    : 0
  total     : 176,108
  by module:
    encoder  trainable        8,546 | total        8,546
    backbone trainable       33,280 | total       33,280
    decoder  trainable      134,282 | total      134,282
Device: cpu
Pipeline: dataset=mnist, encoder=linear_patch, backbone=tpsapu, decoder=all_state_mlp, pooling=last
Schedule: warmup=5, cosine=15, cosine_cycles=1.0, prune=0, prune_cycles=1.0, l2_prune_start=1.0e-07, l2_prune_growth_epochs=4, target_sparsity=95.0%, prune_ramp_epochs=1, prune_stabilize_epochs=-1
warmup 001/020 | lr 2.000e-04 | train loss 1.0437 acc 63.89% | val loss 0.5556 acc 81.47%
warmup 002/020 | lr 4.000e-04 | train loss 0.4468 acc 85.21% | val loss 0.2625 acc 91.71%
warmup 003/020 | lr 6.000e-04 | train loss 0.2506 acc 92.17% | val loss 0.1698 acc 94.47%
warmup 004/020 | lr 8.000e-04 | train loss 0.1872 acc 94.21% | val loss 0.1346 acc 95.70%
warmup 005/020 | lr 1.000e-03 | train loss 0.1611 acc 95.06% | val loss 0.1097 acc 96.39%
cosine 006/020 | lr 1.000e-03 | train loss 0.1327 acc 95.93% | val loss 0.1013 acc 96.71%
cosine 007/020 | lr 9.530e-04 | train loss 0.1141 acc 96.55% | val loss 0.1021 acc 96.69%
cosine 008/020 | lr 8.212e-04 | train loss 0.0937 acc 97.11% | val loss 0.0871 acc 97.33%
cosine 009/020 | lr 6.307e-04 | train loss 0.0748 acc 97.65% | val loss 0.0801 acc 97.53%
cosine 010/020 | lr 4.193e-04 | train loss 0.0561 acc 98.21% | val loss 0.0675 acc 97.94%
cosine 011/020 | lr 2.288e-04 | train loss 0.0444 acc 98.57% | val loss 0.0623 acc 97.97%
cosine 012/020 | lr 9.704e-05 | train loss 0.0332 acc 98.90% | val loss 0.0587 acc 98.16%
cosine 013/020 | lr 5.000e-05 | train loss 0.0291 acc 99.11% | val loss 0.0588 acc 98.21%
cosine 014/020 | lr 9.704e-05 | train loss 0.0301 acc 99.02% | val loss 0.0621 acc 98.18%
cosine 015/020 | lr 2.288e-04 | train loss 0.0357 acc 98.85% | val loss 0.0673 acc 98.04%
cosine 016/020 | lr 4.193e-04 | train loss 0.0472 acc 98.48% | val loss 0.0720 acc 97.95%
cosine 017/020 | lr 6.307e-04 | train loss 0.0586 acc 98.07% | val loss 0.0820 acc 97.39%
cosine 018/020 | lr 8.212e-04 | train loss 0.0695 acc 97.79% | val loss 0.0819 acc 97.46%
cosine 019/020 | lr 9.530e-04 | train loss 0.0759 acc 97.57% | val loss 0.0814 acc 97.56%
cosine 020/020 | lr 1.000e-03 | train loss 0.0716 acc 97.72% | val loss 0.1029 acc 97.14%
Latest checkpoint: sweep_mnist_20ep/linear_patch__all_state_mlp/latest.pt
Best checkpoint: sweep_mnist_20ep/linear_patch__all_state_mlp/best.pt (epoch 13, val acc 98.21%)
Training log: sweep_mnist_20ep/linear_patch__all_state_mlp/train.log
Metrics JSONL: sweep_mnist_20ep/linear_patch__all_state_mlp/metrics.jsonl
Metrics CSV: sweep_mnist_20ep/linear_patch__all_state_mlp/metrics.csv
Run args: sweep_mnist_20ep/linear_patch__all_state_mlp/args.json
