Logging to: sweep_mnist_20ep/linear_patch__lif_count
Parameter summary:
  trainable : 46,444
  frozen    : 0
  total     : 46,444
  by module:
    encoder  trainable        8,546 | total        8,546
    backbone trainable       33,280 | total       33,280
    decoder  trainable        4,618 | total        4,618
Device: cpu
Pipeline: dataset=mnist, encoder=linear_patch, backbone=tpsapu, decoder=lif_count, pooling=last
Schedule: warmup=5, cosine=15, cosine_cycles=1.0, prune=0, prune_cycles=1.0, l2_prune_start=1.0e-07, l2_prune_growth_epochs=4, target_sparsity=95.0%, prune_ramp_epochs=1, prune_stabilize_epochs=-1
warmup 001/020 | lr 2.000e-04 | train loss 1.1113 acc 62.74% | val loss 0.6337 acc 80.05%
warmup 002/020 | lr 4.000e-04 | train loss 0.5294 acc 82.73% | val loss 0.3580 acc 88.82%
warmup 003/020 | lr 6.000e-04 | train loss 0.3389 acc 89.16% | val loss 0.2564 acc 91.96%
warmup 004/020 | lr 8.000e-04 | train loss 0.2667 acc 91.57% | val loss 0.2206 acc 92.89%
warmup 005/020 | lr 1.000e-03 | train loss 0.2197 acc 93.17% | val loss 0.1884 acc 94.11%
cosine 006/020 | lr 1.000e-03 | train loss 0.1859 acc 94.22% | val loss 0.1629 acc 95.06%
cosine 007/020 | lr 9.530e-04 | train loss 0.1582 acc 95.02% | val loss 0.1398 acc 95.61%
cosine 008/020 | lr 8.212e-04 | train loss 0.1399 acc 95.72% | val loss 0.1424 acc 95.77%
cosine 009/020 | lr 6.307e-04 | train loss 0.1195 acc 96.25% | val loss 0.1359 acc 95.72%
cosine 010/020 | lr 4.193e-04 | train loss 0.0990 acc 96.96% | val loss 0.1042 acc 96.77%
cosine 011/020 | lr 2.288e-04 | train loss 0.0868 acc 97.32% | val loss 0.0956 acc 97.02%
cosine 012/020 | lr 9.704e-05 | train loss 0.0784 acc 97.59% | val loss 0.0947 acc 96.83%
cosine 013/020 | lr 5.000e-05 | train loss 0.0745 acc 97.75% | val loss 0.0916 acc 97.05%
cosine 014/020 | lr 9.704e-05 | train loss 0.0751 acc 97.71% | val loss 0.0941 acc 96.89%
cosine 015/020 | lr 2.288e-04 | train loss 0.0806 acc 97.51% | val loss 0.0990 acc 97.01%
cosine 016/020 | lr 4.193e-04 | train loss 0.0894 acc 97.19% | val loss 0.1038 acc 96.68%
cosine 017/020 | lr 6.307e-04 | train loss 0.0961 acc 97.00% | val loss 0.1123 acc 96.31%
cosine 018/020 | lr 8.212e-04 | train loss 0.1011 acc 96.80% | val loss 0.1103 acc 96.61%
cosine 019/020 | lr 9.530e-04 | train loss 0.1020 acc 96.81% | val loss 0.1267 acc 96.08%
cosine 020/020 | lr 1.000e-03 | train loss 0.1030 acc 96.74% | val loss 0.1265 acc 96.31%
Latest checkpoint: sweep_mnist_20ep/linear_patch__lif_count/latest.pt
Best checkpoint: sweep_mnist_20ep/linear_patch__lif_count/best.pt (epoch 13, val acc 97.05%)
Training log: sweep_mnist_20ep/linear_patch__lif_count/train.log
Metrics JSONL: sweep_mnist_20ep/linear_patch__lif_count/metrics.jsonl
Metrics CSV: sweep_mnist_20ep/linear_patch__lif_count/metrics.csv
Run args: sweep_mnist_20ep/linear_patch__lif_count/args.json
