Logging to: sweep_runs_20ep_mnist_no_backbone/linear_patch__linear
Parameter summary:
  trainable : 10,092
  frozen    : 0
  total     : 10,092
  by module:
    encoder  trainable        8,546 | total        8,546
    decoder  trainable        1,546 | total        1,546
Device: cuda
Pipeline: dataset=mnist, encoder=linear_patch, backbone=none, decoder=linear, pooling=mean
Schedule: warmup=5, cosine=15, cosine_cycles=1.0, finetune=0, finetune_cycles=1.0, finetune_lr_scale=0.2
warmup 001/020 | lr 2.000e-04 | train loss 1.7370 acc 42.73% | val loss 1.5183 acc 51.05%
warmup 002/020 | lr 4.000e-04 | train loss 1.4895 acc 52.34% | val loss 1.4441 acc 52.73%
warmup 003/020 | lr 6.000e-04 | train loss 1.4268 acc 53.56% | val loss 1.3777 acc 54.04%
warmup 004/020 | lr 8.000e-04 | train loss 1.3494 acc 55.25% | val loss 1.3001 acc 56.08%
warmup 005/020 | lr 1.000e-03 | train loss 1.3042 acc 56.11% | val loss 1.2849 acc 55.89%
cosine 006/020 | lr 1.000e-03 | train loss 1.2842 acc 56.67% | val loss 1.2722 acc 56.79%
cosine 007/020 | lr 9.530e-04 | train loss 1.2734 acc 56.85% | val loss 1.2703 acc 56.76%
cosine 008/020 | lr 8.212e-04 | train loss 1.2640 acc 57.24% | val loss 1.2544 acc 56.68%
cosine 009/020 | lr 6.307e-04 | train loss 1.2587 acc 57.23% | val loss 1.2535 acc 56.89%
cosine 010/020 | lr 4.193e-04 | train loss 1.2522 acc 57.51% | val loss 1.2531 acc 57.23%
cosine 011/020 | lr 2.288e-04 | train loss 1.2470 acc 57.70% | val loss 1.2503 acc 57.29%
cosine 012/020 | lr 9.704e-05 | train loss 1.2425 acc 57.88% | val loss 1.2442 acc 57.31%
cosine 013/020 | lr 5.000e-05 | train loss 1.2414 acc 57.90% | val loss 1.2455 acc 57.10%
cosine 014/020 | lr 9.704e-05 | train loss 1.2423 acc 57.93% | val loss 1.2421 acc 57.46%
cosine 015/020 | lr 2.288e-04 | train loss 1.2445 acc 57.88% | val loss 1.2451 acc 57.47%
cosine 016/020 | lr 4.193e-04 | train loss 1.2482 acc 57.67% | val loss 1.2416 acc 57.44%
cosine 017/020 | lr 6.307e-04 | train loss 1.2520 acc 57.46% | val loss 1.2477 acc 56.84%
cosine 018/020 | lr 8.212e-04 | train loss 1.2527 acc 57.38% | val loss 1.2567 acc 56.72%
cosine 019/020 | lr 9.530e-04 | train loss 1.2528 acc 57.46% | val loss 1.2464 acc 57.04%
cosine 020/020 | lr 1.000e-03 | train loss 1.2536 acc 57.30% | val loss 1.2508 acc 56.62%
Latest checkpoint: sweep_runs_20ep_mnist_no_backbone/linear_patch__linear/latest.pt
Best checkpoint: sweep_runs_20ep_mnist_no_backbone/linear_patch__linear/best.pt (epoch 15, val acc 57.47%)
Training log: sweep_runs_20ep_mnist_no_backbone/linear_patch__linear/train.log
Metrics JSONL: sweep_runs_20ep_mnist_no_backbone/linear_patch__linear/metrics.jsonl
Metrics CSV: sweep_runs_20ep_mnist_no_backbone/linear_patch__linear/metrics.csv
Run args: sweep_runs_20ep_mnist_no_backbone/linear_patch__linear/args.json
