Logging to: sweep_runs/linear_patch__both_mlp
Parameter summary:
  trainable : 109,676
  frozen    : 0
  total     : 109,676
  by module:
    encoder  trainable        8,546 | total        8,546
    backbone trainable       33,280 | total       33,280
    decoder  trainable       67,850 | total       67,850
Device: cuda
Pipeline: dataset=mnist, encoder=linear_patch, backbone=tpsapu, decoder=both_mlp, pooling=last
Schedule: warmup=5, cosine=15, cosine_cycles=1.0, prune=0, prune_cycles=1.0, l2_prune_start=1.0e-07, l2_prune_growth_epochs=4, target_sparsity=95.0%, prune_ramp_epochs=1, prune_stabilize_epochs=-1
warmup 001/020 | lr 2.000e-04 | train loss 1.1390 acc 61.06% | val loss 0.6631 acc 77.66%
warmup 002/020 | lr 4.000e-04 | train loss 0.5623 acc 80.81% | val loss 0.3698 acc 87.89%
warmup 003/020 | lr 6.000e-04 | train loss 0.3503 acc 88.35% | val loss 0.2202 acc 92.56%
warmup 004/020 | lr 8.000e-04 | train loss 0.2465 acc 91.94% | val loss 0.1621 acc 94.93%
warmup 005/020 | lr 1.000e-03 | train loss 0.1964 acc 93.60% | val loss 0.1558 acc 94.95%
cosine 006/020 | lr 1.000e-03 | train loss 0.1613 acc 94.90% | val loss 0.1343 acc 95.63%
cosine 007/020 | lr 9.530e-04 | train loss 0.1324 acc 95.74% | val loss 0.1193 acc 96.06%
cosine 008/020 | lr 8.212e-04 | train loss 0.1123 acc 96.34% | val loss 0.0981 acc 97.01%
cosine 009/020 | lr 6.307e-04 | train loss 0.0876 acc 97.20% | val loss 0.0975 acc 96.99%
cosine 010/020 | lr 4.193e-04 | train loss 0.0701 acc 97.70% | val loss 0.0801 acc 97.41%
cosine 011/020 | lr 2.288e-04 | train loss 0.0529 acc 98.30% | val loss 0.0725 acc 97.68%
cosine 012/020 | lr 9.704e-05 | train loss 0.0454 acc 98.51% | val loss 0.0709 acc 97.88%
cosine 013/020 | lr 5.000e-05 | train loss 0.0418 acc 98.69% | val loss 0.0701 acc 97.86%
cosine 014/020 | lr 9.704e-05 | train loss 0.0421 acc 98.63% | val loss 0.0674 acc 97.87%
cosine 015/020 | lr 2.288e-04 | train loss 0.0477 acc 98.47% | val loss 0.0758 acc 97.80%
cosine 016/020 | lr 4.193e-04 | train loss 0.0559 acc 98.18% | val loss 0.0763 acc 97.88%
cosine 017/020 | lr 6.307e-04 | train loss 0.0682 acc 97.79% | val loss 0.0960 acc 97.34%
cosine 018/020 | lr 8.212e-04 | train loss 0.0753 acc 97.52% | val loss 0.0948 acc 97.20%
cosine 019/020 | lr 9.530e-04 | train loss 0.0778 acc 97.43% | val loss 0.0895 acc 97.24%
cosine 020/020 | lr 1.000e-03 | train loss 0.0787 acc 97.44% | val loss 0.0900 acc 97.33%
Latest checkpoint: sweep_runs/linear_patch__both_mlp/latest.pt
Best checkpoint: sweep_runs/linear_patch__both_mlp/best.pt (epoch 12, val acc 97.88%)
Training log: sweep_runs/linear_patch__both_mlp/train.log
Metrics JSONL: sweep_runs/linear_patch__both_mlp/metrics.jsonl
Metrics CSV: sweep_runs/linear_patch__both_mlp/metrics.csv
Run args: sweep_runs/linear_patch__both_mlp/args.json
