Logging to: sweep_runs_20ep_mnist_no_backbone/linear_patch__spike_mlp
Parameter summary:
  trainable : 26,604
  frozen    : 0
  total     : 26,604
  by module:
    encoder  trainable        8,546 | total        8,546
    decoder  trainable       18,058 | total       18,058
Device: cuda
Pipeline: dataset=mnist, encoder=linear_patch, backbone=none, decoder=spike_mlp, pooling=mean
Schedule: warmup=5, cosine=15, cosine_cycles=1.0, finetune=0, finetune_cycles=1.0, finetune_lr_scale=0.2
warmup 001/020 | lr 2.000e-04 | train loss 1.5663 acc 48.36% | val loss 1.2898 acc 56.87%
warmup 002/020 | lr 4.000e-04 | train loss 1.2070 acc 59.72% | val loss 1.0814 acc 63.15%
warmup 003/020 | lr 6.000e-04 | train loss 1.0292 acc 65.38% | val loss 0.8601 acc 71.48%
warmup 004/020 | lr 8.000e-04 | train loss 0.8078 acc 73.04% | val loss 0.6051 acc 80.58%
warmup 005/020 | lr 1.000e-03 | train loss 0.6168 acc 79.83% | val loss 0.4201 acc 87.02%
cosine 006/020 | lr 1.000e-03 | train loss 0.4803 acc 84.56% | val loss 0.3269 acc 90.03%
cosine 007/020 | lr 9.530e-04 | train loss 0.4027 acc 87.07% | val loss 0.2721 acc 91.73%
cosine 008/020 | lr 8.212e-04 | train loss 0.3416 acc 89.17% | val loss 0.2364 acc 92.64%
cosine 009/020 | lr 6.307e-04 | train loss 0.2988 acc 90.42% | val loss 0.2088 acc 93.50%
cosine 010/020 | lr 4.193e-04 | train loss 0.2714 acc 91.25% | val loss 0.1934 acc 93.97%
cosine 011/020 | lr 2.288e-04 | train loss 0.2554 acc 91.91% | val loss 0.1843 acc 94.30%
cosine 012/020 | lr 9.704e-05 | train loss 0.2452 acc 92.24% | val loss 0.1803 acc 94.42%
cosine 013/020 | lr 5.000e-05 | train loss 0.2392 acc 92.36% | val loss 0.1779 acc 94.54%
cosine 014/020 | lr 9.704e-05 | train loss 0.2385 acc 92.37% | val loss 0.1755 acc 94.59%
cosine 015/020 | lr 2.288e-04 | train loss 0.2394 acc 92.33% | val loss 0.1737 acc 94.72%
cosine 016/020 | lr 4.193e-04 | train loss 0.2381 acc 92.34% | val loss 0.1673 acc 94.75%
cosine 017/020 | lr 6.307e-04 | train loss 0.2311 acc 92.56% | val loss 0.1654 acc 94.63%
cosine 018/020 | lr 8.212e-04 | train loss 0.2214 acc 92.81% | val loss 0.1588 acc 94.93%
cosine 019/020 | lr 9.530e-04 | train loss 0.2111 acc 93.11% | val loss 0.1527 acc 95.12%
cosine 020/020 | lr 1.000e-03 | train loss 0.1991 acc 93.49% | val loss 0.1471 acc 95.47%
Latest checkpoint: sweep_runs_20ep_mnist_no_backbone/linear_patch__spike_mlp/latest.pt
Best checkpoint: sweep_runs_20ep_mnist_no_backbone/linear_patch__spike_mlp/best.pt (epoch 20, val acc 95.47%)
Training log: sweep_runs_20ep_mnist_no_backbone/linear_patch__spike_mlp/train.log
Metrics JSONL: sweep_runs_20ep_mnist_no_backbone/linear_patch__spike_mlp/metrics.jsonl
Metrics CSV: sweep_runs_20ep_mnist_no_backbone/linear_patch__spike_mlp/metrics.csv
Run args: sweep_runs_20ep_mnist_no_backbone/linear_patch__spike_mlp/args.json
