Logging to: sweep_mnist_20ep/linear_patch__membrane_mlp
Parameter summary:
  trainable : 68,204
  frozen    : 0
  total     : 68,204
  by module:
    encoder  trainable        8,546 | total        8,546
    backbone trainable       33,280 | total       33,280
    decoder  trainable       26,378 | total       26,378
Device: cpu
Pipeline: dataset=mnist, encoder=linear_patch, backbone=tpsapu, decoder=membrane_mlp, pooling=last
Schedule: warmup=5, cosine=15, cosine_cycles=1.0, prune=0, prune_cycles=1.0, l2_prune_start=1.0e-07, l2_prune_growth_epochs=4, target_sparsity=95.0%, prune_ramp_epochs=1, prune_stabilize_epochs=-1
warmup 001/020 | lr 2.000e-04 | train loss 1.1367 acc 62.65% | val loss 0.6535 acc 78.93%
warmup 002/020 | lr 4.000e-04 | train loss 0.5508 acc 81.90% | val loss 0.3627 acc 88.79%
warmup 003/020 | lr 6.000e-04 | train loss 0.3356 acc 89.20% | val loss 0.2150 acc 93.15%
warmup 004/020 | lr 8.000e-04 | train loss 0.2383 acc 92.31% | val loss 0.1709 acc 94.32%
warmup 005/020 | lr 1.000e-03 | train loss 0.1861 acc 93.91% | val loss 0.1496 acc 95.40%
cosine 006/020 | lr 1.000e-03 | train loss 0.1495 acc 95.12% | val loss 0.1244 acc 95.84%
cosine 007/020 | lr 9.530e-04 | train loss 0.1251 acc 95.86% | val loss 0.1140 acc 96.27%
cosine 008/020 | lr 8.212e-04 | train loss 0.1027 acc 96.69% | val loss 0.0999 acc 96.91%
cosine 009/020 | lr 6.307e-04 | train loss 0.0851 acc 97.29% | val loss 0.0820 acc 97.47%
cosine 010/020 | lr 4.193e-04 | train loss 0.0676 acc 97.81% | val loss 0.0768 acc 97.60%
cosine 011/020 | lr 2.288e-04 | train loss 0.0546 acc 98.25% | val loss 0.0703 acc 97.86%
cosine 012/020 | lr 9.704e-05 | train loss 0.0482 acc 98.41% | val loss 0.0671 acc 97.95%
cosine 013/020 | lr 5.000e-05 | train loss 0.0443 acc 98.60% | val loss 0.0668 acc 97.84%
cosine 014/020 | lr 9.704e-05 | train loss 0.0443 acc 98.55% | val loss 0.0659 acc 97.92%
cosine 015/020 | lr 2.288e-04 | train loss 0.0503 acc 98.38% | val loss 0.0699 acc 97.88%
cosine 016/020 | lr 4.193e-04 | train loss 0.0563 acc 98.13% | val loss 0.0709 acc 97.80%
cosine 017/020 | lr 6.307e-04 | train loss 0.0650 acc 97.85% | val loss 0.0847 acc 97.25%
cosine 018/020 | lr 8.212e-04 | train loss 0.0706 acc 97.61% | val loss 0.0799 acc 97.47%
cosine 019/020 | lr 9.530e-04 | train loss 0.0736 acc 97.57% | val loss 0.0852 acc 97.46%
cosine 020/020 | lr 1.000e-03 | train loss 0.0733 acc 97.61% | val loss 0.0827 acc 97.58%
Latest checkpoint: sweep_mnist_20ep/linear_patch__membrane_mlp/latest.pt
Best checkpoint: sweep_mnist_20ep/linear_patch__membrane_mlp/best.pt (epoch 12, val acc 97.95%)
Training log: sweep_mnist_20ep/linear_patch__membrane_mlp/train.log
Metrics JSONL: sweep_mnist_20ep/linear_patch__membrane_mlp/metrics.jsonl
Metrics CSV: sweep_mnist_20ep/linear_patch__membrane_mlp/metrics.csv
Run args: sweep_mnist_20ep/linear_patch__membrane_mlp/args.json
