Logging to: sweep_mnist_20ep/mlp_patch__linear
Parameter summary:
  trainable : 60,652
  frozen    : 0
  total     : 60,652
  by module:
    encoder  trainable       25,058 | total       25,058
    backbone trainable       33,280 | total       33,280
    decoder  trainable        2,314 | total        2,314
Device: cpu
Pipeline: dataset=mnist, encoder=mlp_patch, backbone=tpsapu, decoder=linear, pooling=last
Schedule: warmup=5, cosine=15, cosine_cycles=1.0, prune=0, prune_cycles=1.0, l2_prune_start=1.0e-07, l2_prune_growth_epochs=4, target_sparsity=95.0%, prune_ramp_epochs=1, prune_stabilize_epochs=-1
warmup 001/020 | lr 2.000e-04 | train loss 1.1436 acc 63.01% | val loss 0.6724 acc 78.74%
warmup 002/020 | lr 4.000e-04 | train loss 0.4919 acc 84.91% | val loss 0.2362 acc 92.91%
warmup 003/020 | lr 6.000e-04 | train loss 0.2238 acc 93.17% | val loss 0.1447 acc 95.64%
warmup 004/020 | lr 8.000e-04 | train loss 0.1632 acc 94.94% | val loss 0.1269 acc 96.01%
warmup 005/020 | lr 1.000e-03 | train loss 0.1366 acc 95.74% | val loss 0.1061 acc 96.74%
cosine 006/020 | lr 1.000e-03 | train loss 0.1127 acc 96.51% | val loss 0.1014 acc 96.80%
cosine 007/020 | lr 9.530e-04 | train loss 0.0945 acc 97.06% | val loss 0.0833 acc 97.14%
cosine 008/020 | lr 8.212e-04 | train loss 0.0789 acc 97.53% | val loss 0.0706 acc 97.61%
cosine 009/020 | lr 6.307e-04 | train loss 0.0652 acc 97.93% | val loss 0.0680 acc 97.95%
cosine 010/020 | lr 4.193e-04 | train loss 0.0513 acc 98.40% | val loss 0.0611 acc 98.20%
cosine 011/020 | lr 2.288e-04 | train loss 0.0423 acc 98.68% | val loss 0.0553 acc 98.34%
cosine 012/020 | lr 9.704e-05 | train loss 0.0352 acc 98.91% | val loss 0.0534 acc 98.43%
cosine 013/020 | lr 5.000e-05 | train loss 0.0321 acc 98.98% | val loss 0.0522 acc 98.38%
cosine 014/020 | lr 9.704e-05 | train loss 0.0330 acc 98.98% | val loss 0.0540 acc 98.35%
cosine 015/020 | lr 2.288e-04 | train loss 0.0382 acc 98.80% | val loss 0.0612 acc 98.19%
cosine 016/020 | lr 4.193e-04 | train loss 0.0452 acc 98.49% | val loss 0.0610 acc 98.11%
cosine 017/020 | lr 6.307e-04 | train loss 0.0528 acc 98.23% | val loss 0.0733 acc 97.83%
cosine 018/020 | lr 8.212e-04 | train loss 0.0571 acc 98.15% | val loss 0.0762 acc 97.66%
cosine 019/020 | lr 9.530e-04 | train loss 0.0584 acc 98.12% | val loss 0.0812 acc 97.56%
cosine 020/020 | lr 1.000e-03 | train loss 0.0579 acc 98.12% | val loss 0.0704 acc 97.86%
Latest checkpoint: sweep_mnist_20ep/mlp_patch__linear/latest.pt
Best checkpoint: sweep_mnist_20ep/mlp_patch__linear/best.pt (epoch 12, val acc 98.43%)
Training log: sweep_mnist_20ep/mlp_patch__linear/train.log
Metrics JSONL: sweep_mnist_20ep/mlp_patch__linear/metrics.jsonl
Metrics CSV: sweep_mnist_20ep/mlp_patch__linear/metrics.csv
Run args: sweep_mnist_20ep/mlp_patch__linear/args.json
