Logging to: sweep_runs/cnn3__spike_mlp
Parameter summary:
  trainable : 177,354
  frozen    : 0
  total     : 177,354
  by module:
    encoder  trainable      117,696 | total      117,696
    backbone trainable       33,280 | total       33,280
    decoder  trainable       26,378 | total       26,378
Device: cuda
Pipeline: dataset=mnist, encoder=cnn3, backbone=tpsapu, decoder=spike_mlp, pooling=last
Schedule: warmup=5, cosine=15, cosine_cycles=1.0, prune=0, prune_cycles=1.0, l2_prune_start=1.0e-07, l2_prune_growth_epochs=4, target_sparsity=95.0%, prune_ramp_epochs=1, prune_stabilize_epochs=-1
warmup 001/020 | lr 2.000e-04 | train loss 1.7497 acc 35.14% | val loss 1.2758 acc 52.97%
warmup 002/020 | lr 4.000e-04 | train loss 1.0946 acc 60.07% | val loss 0.7736 acc 73.03%
warmup 003/020 | lr 6.000e-04 | train loss 0.6818 acc 76.34% | val loss 0.4882 acc 82.54%
warmup 004/020 | lr 8.000e-04 | train loss 0.4530 acc 84.05% | val loss 0.3524 acc 88.07%
warmup 005/020 | lr 1.000e-03 | train loss 0.2758 acc 91.54% | val loss 0.2066 acc 93.64%
cosine 006/020 | lr 1.000e-03 | train loss 0.1876 acc 94.34% | val loss 0.1249 acc 96.24%
cosine 007/020 | lr 9.530e-04 | train loss 0.1363 acc 96.02% | val loss 0.1286 acc 95.94%
cosine 008/020 | lr 8.212e-04 | train loss 0.1060 acc 96.85% | val loss 0.0836 acc 97.55%
cosine 009/020 | lr 6.307e-04 | train loss 0.0794 acc 97.64% | val loss 0.0658 acc 98.01%
cosine 010/020 | lr 4.193e-04 | train loss 0.0607 acc 98.20% | val loss 0.0535 acc 98.42%
cosine 011/020 | lr 2.288e-04 | train loss 0.0467 acc 98.59% | val loss 0.0577 acc 98.42%
cosine 012/020 | lr 9.704e-05 | train loss 0.0398 acc 98.79% | val loss 0.0485 acc 98.60%
cosine 013/020 | lr 5.000e-05 | train loss 0.0370 acc 98.87% | val loss 0.0452 acc 98.70%
cosine 014/020 | lr 9.704e-05 | train loss 0.0366 acc 98.88% | val loss 0.0459 acc 98.64%
cosine 015/020 | lr 2.288e-04 | train loss 0.0400 acc 98.76% | val loss 0.0532 acc 98.40%
cosine 016/020 | lr 4.193e-04 | train loss 0.0467 acc 98.56% | val loss 0.0517 acc 98.41%
cosine 017/020 | lr 6.307e-04 | train loss 0.0523 acc 98.43% | val loss 0.0471 acc 98.60%
cosine 018/020 | lr 8.212e-04 | train loss 0.0562 acc 98.28% | val loss 0.0746 acc 97.97%
cosine 019/020 | lr 9.530e-04 | train loss 0.0537 acc 98.35% | val loss 0.0542 acc 98.45%
cosine 020/020 | lr 1.000e-03 | train loss 0.0462 acc 98.61% | val loss 0.0532 acc 98.34%
Latest checkpoint: sweep_runs/cnn3__spike_mlp/latest.pt
Best checkpoint: sweep_runs/cnn3__spike_mlp/best.pt (epoch 13, val acc 98.70%)
Training log: sweep_runs/cnn3__spike_mlp/train.log
Metrics JSONL: sweep_runs/cnn3__spike_mlp/metrics.jsonl
Metrics CSV: sweep_runs/cnn3__spike_mlp/metrics.csv
Run args: sweep_runs/cnn3__spike_mlp/args.json
