Logging to: sweep_mnist_20ep/lif_2x2__both_mlp
Parameter summary:
  trainable : 126,986
  frozen    : 0
  total     : 126,986
  by module:
    encoder  trainable       25,856 | total       25,856
    backbone trainable       33,280 | total       33,280
    decoder  trainable       67,850 | total       67,850
Device: cpu
Pipeline: dataset=mnist, encoder=lif_2x2, backbone=tpsapu, decoder=both_mlp, pooling=last
Schedule: warmup=5, cosine=15, cosine_cycles=1.0, prune=0, prune_cycles=1.0, l2_prune_start=1.0e-07, l2_prune_growth_epochs=4, target_sparsity=95.0%, prune_ramp_epochs=1, prune_stabilize_epochs=-1
warmup 001/020 | lr 2.000e-04 | train loss 1.8584 acc 32.71% | val loss 1.5886 acc 43.08%
warmup 002/020 | lr 4.000e-04 | train loss 1.2933 acc 53.28% | val loss 0.9209 acc 68.12%
warmup 003/020 | lr 6.000e-04 | train loss 0.8948 acc 69.05% | val loss 0.7699 acc 73.48%
warmup 004/020 | lr 8.000e-04 | train loss 0.7061 acc 76.33% | val loss 0.5728 acc 80.75%
warmup 005/020 | lr 1.000e-03 | train loss 0.5727 acc 81.09% | val loss 0.5130 acc 82.65%
cosine 006/020 | lr 1.000e-03 | train loss 0.4731 acc 84.44% | val loss 0.4356 acc 85.73%
cosine 007/020 | lr 9.530e-04 | train loss 0.4172 acc 86.48% | val loss 0.3692 acc 88.10%
cosine 008/020 | lr 8.212e-04 | train loss 0.3653 acc 88.19% | val loss 0.3120 acc 89.56%
cosine 009/020 | lr 6.307e-04 | train loss 0.3141 acc 89.92% | val loss 0.2832 acc 90.91%
cosine 010/020 | lr 4.193e-04 | train loss 0.2806 acc 90.82% | val loss 0.2730 acc 91.44%
cosine 011/020 | lr 2.288e-04 | train loss 0.2490 acc 91.95% | val loss 0.2316 acc 92.33%
cosine 012/020 | lr 9.704e-05 | train loss 0.2275 acc 92.61% | val loss 0.2246 acc 92.92%
cosine 013/020 | lr 5.000e-05 | train loss 0.2191 acc 92.97% | val loss 0.2201 acc 92.92%
cosine 014/020 | lr 9.704e-05 | train loss 0.2227 acc 92.81% | val loss 0.2181 acc 93.00%
cosine 015/020 | lr 2.288e-04 | train loss 0.2287 acc 92.68% | val loss 0.2259 acc 92.90%
cosine 016/020 | lr 4.193e-04 | train loss 0.2321 acc 92.54% | val loss 0.2277 acc 92.46%
cosine 017/020 | lr 6.307e-04 | train loss 0.2382 acc 92.32% | val loss 0.2467 acc 91.63%
cosine 018/020 | lr 8.212e-04 | train loss 0.2404 acc 92.11% | val loss 0.2382 acc 92.28%
cosine 019/020 | lr 9.530e-04 | train loss 0.2306 acc 92.57% | val loss 0.2346 acc 92.23%
cosine 020/020 | lr 1.000e-03 | train loss 0.2259 acc 92.69% | val loss 0.2318 acc 92.82%
Latest checkpoint: sweep_mnist_20ep/lif_2x2__both_mlp/latest.pt
Best checkpoint: sweep_mnist_20ep/lif_2x2__both_mlp/best.pt (epoch 14, val acc 93.00%)
Training log: sweep_mnist_20ep/lif_2x2__both_mlp/train.log
Metrics JSONL: sweep_mnist_20ep/lif_2x2__both_mlp/metrics.jsonl
Metrics CSV: sweep_mnist_20ep/lif_2x2__both_mlp/metrics.csv
Run args: sweep_mnist_20ep/lif_2x2__both_mlp/args.json
