Logging to: sweep_mnist_20ep/lif_2x2__membrane_mlp
Parameter summary:
  trainable : 85,514
  frozen    : 0
  total     : 85,514
  by module:
    encoder  trainable       25,856 | total       25,856
    backbone trainable       33,280 | total       33,280
    decoder  trainable       26,378 | total       26,378
Device: cpu
Pipeline: dataset=mnist, encoder=lif_2x2, backbone=tpsapu, decoder=membrane_mlp, pooling=last
Schedule: warmup=5, cosine=15, cosine_cycles=1.0, prune=0, prune_cycles=1.0, l2_prune_start=1.0e-07, l2_prune_growth_epochs=4, target_sparsity=95.0%, prune_ramp_epochs=1, prune_stabilize_epochs=-1
warmup 001/020 | lr 2.000e-04 | train loss 1.9041 acc 32.26% | val loss 1.6228 acc 43.50%
warmup 002/020 | lr 4.000e-04 | train loss 1.2175 acc 57.61% | val loss 0.8450 acc 71.21%
warmup 003/020 | lr 6.000e-04 | train loss 0.7648 acc 74.53% | val loss 0.6832 acc 76.61%
warmup 004/020 | lr 8.000e-04 | train loss 0.5962 acc 80.34% | val loss 0.5117 acc 83.39%
warmup 005/020 | lr 1.000e-03 | train loss 0.5034 acc 83.58% | val loss 0.4214 acc 86.26%
cosine 006/020 | lr 1.000e-03 | train loss 0.4449 acc 85.45% | val loss 0.3763 acc 87.77%
cosine 007/020 | lr 9.530e-04 | train loss 0.3936 acc 87.15% | val loss 0.3445 acc 88.70%
cosine 008/020 | lr 8.212e-04 | train loss 0.3408 acc 88.99% | val loss 0.3126 acc 89.82%
cosine 009/020 | lr 6.307e-04 | train loss 0.2986 acc 90.41% | val loss 0.2918 acc 90.57%
cosine 010/020 | lr 4.193e-04 | train loss 0.2659 acc 91.52% | val loss 0.2554 acc 91.71%
cosine 011/020 | lr 2.288e-04 | train loss 0.2403 acc 92.35% | val loss 0.2381 acc 92.41%
cosine 012/020 | lr 9.704e-05 | train loss 0.2233 acc 92.94% | val loss 0.2201 acc 92.98%
cosine 013/020 | lr 5.000e-05 | train loss 0.2153 acc 93.12% | val loss 0.2158 acc 93.23%
cosine 014/020 | lr 9.704e-05 | train loss 0.2162 acc 93.19% | val loss 0.2154 acc 93.07%
cosine 015/020 | lr 2.288e-04 | train loss 0.2214 acc 92.87% | val loss 0.2340 acc 92.42%
cosine 016/020 | lr 4.193e-04 | train loss 0.2265 acc 92.78% | val loss 0.2306 acc 92.83%
cosine 017/020 | lr 6.307e-04 | train loss 0.2335 acc 92.55% | val loss 0.2124 acc 93.22%
cosine 018/020 | lr 8.212e-04 | train loss 0.2337 acc 92.52% | val loss 0.2168 acc 92.86%
cosine 019/020 | lr 9.530e-04 | train loss 0.2248 acc 92.77% | val loss 0.2323 acc 92.83%
cosine 020/020 | lr 1.000e-03 | train loss 0.2177 acc 93.07% | val loss 0.2220 acc 93.14%
Latest checkpoint: sweep_mnist_20ep/lif_2x2__membrane_mlp/latest.pt
Best checkpoint: sweep_mnist_20ep/lif_2x2__membrane_mlp/best.pt (epoch 13, val acc 93.23%)
Training log: sweep_mnist_20ep/lif_2x2__membrane_mlp/train.log
Metrics JSONL: sweep_mnist_20ep/lif_2x2__membrane_mlp/metrics.jsonl
Metrics CSV: sweep_mnist_20ep/lif_2x2__membrane_mlp/metrics.csv
Run args: sweep_mnist_20ep/lif_2x2__membrane_mlp/args.json
