Logging to: sweep_runs/cnn3__both_mlp
Parameter summary:
  trainable : 218,826
  frozen    : 0
  total     : 218,826
  by module:
    encoder  trainable      117,696 | total      117,696
    backbone trainable       33,280 | total       33,280
    decoder  trainable       67,850 | total       67,850
Device: cuda
Pipeline: dataset=mnist, encoder=cnn3, backbone=tpsapu, decoder=both_mlp, pooling=last
Schedule: warmup=5, cosine=15, cosine_cycles=1.0, prune=0, prune_cycles=1.0, l2_prune_start=1.0e-07, l2_prune_growth_epochs=4, target_sparsity=95.0%, prune_ramp_epochs=1, prune_stabilize_epochs=-1
warmup 001/020 | lr 2.000e-04 | train loss 0.8730 acc 69.59% | val loss 0.3911 acc 85.04%
warmup 002/020 | lr 4.000e-04 | train loss 0.2512 acc 91.53% | val loss 0.0970 acc 96.93%
warmup 003/020 | lr 6.000e-04 | train loss 0.1116 acc 96.50% | val loss 0.0652 acc 97.91%
warmup 004/020 | lr 8.000e-04 | train loss 0.0747 acc 97.72% | val loss 0.0487 acc 98.54%
warmup 005/020 | lr 1.000e-03 | train loss 0.0584 acc 98.20% | val loss 0.0544 acc 98.43%
cosine 006/020 | lr 1.000e-03 | train loss 0.0430 acc 98.68% | val loss 0.0520 acc 98.44%
cosine 007/020 | lr 9.530e-04 | train loss 0.0321 acc 98.99% | val loss 0.0367 acc 98.90%
cosine 008/020 | lr 8.212e-04 | train loss 0.0222 acc 99.31% | val loss 0.0372 acc 98.89%
cosine 009/020 | lr 6.307e-04 | train loss 0.0152 acc 99.50% | val loss 0.0276 acc 99.22%
cosine 010/020 | lr 4.193e-04 | train loss 0.0084 acc 99.73% | val loss 0.0257 acc 99.30%
cosine 011/020 | lr 2.288e-04 | train loss 0.0040 acc 99.88% | val loss 0.0233 acc 99.30%
cosine 012/020 | lr 9.704e-05 | train loss 0.0024 acc 99.93% | val loss 0.0231 acc 99.41%
cosine 013/020 | lr 5.000e-05 | train loss 0.0015 acc 99.97% | val loss 0.0248 acc 99.35%
cosine 014/020 | lr 9.704e-05 | train loss 0.0016 acc 99.96% | val loss 0.0251 acc 99.39%
cosine 015/020 | lr 2.288e-04 | train loss 0.0045 acc 99.84% | val loss 0.0313 acc 99.12%
cosine 016/020 | lr 4.193e-04 | train loss 0.0109 acc 99.64% | val loss 0.0410 acc 98.99%
cosine 017/020 | lr 6.307e-04 | train loss 0.0175 acc 99.43% | val loss 0.0425 acc 98.94%
cosine 018/020 | lr 8.212e-04 | train loss 0.0200 acc 99.36% | val loss 0.0335 acc 99.06%
cosine 019/020 | lr 9.530e-04 | train loss 0.0177 acc 99.45% | val loss 0.0389 acc 98.97%
cosine 020/020 | lr 1.000e-03 | train loss 0.0164 acc 99.49% | val loss 0.0345 acc 99.10%
Latest checkpoint: sweep_runs/cnn3__both_mlp/latest.pt
Best checkpoint: sweep_runs/cnn3__both_mlp/best.pt (epoch 12, val acc 99.41%)
Training log: sweep_runs/cnn3__both_mlp/train.log
Metrics JSONL: sweep_runs/cnn3__both_mlp/metrics.jsonl
Metrics CSV: sweep_runs/cnn3__both_mlp/metrics.csv
Run args: sweep_runs/cnn3__both_mlp/args.json
