Logging to: sweep_mnist_20ep/lif_2x2__linear
Parameter summary:
  trainable : 61,450
  frozen    : 0
  total     : 61,450
  by module:
    encoder  trainable       25,856 | total       25,856
    backbone trainable       33,280 | total       33,280
    decoder  trainable        2,314 | total        2,314
Device: cpu
Pipeline: dataset=mnist, encoder=lif_2x2, backbone=tpsapu, decoder=linear, pooling=last
Schedule: warmup=5, cosine=15, cosine_cycles=1.0, prune=0, prune_cycles=1.0, l2_prune_start=1.0e-07, l2_prune_growth_epochs=4, target_sparsity=95.0%, prune_ramp_epochs=1, prune_stabilize_epochs=-1
warmup 001/020 | lr 2.000e-04 | train loss 1.9264 acc 32.78% | val loss 1.5389 acc 49.80%
warmup 002/020 | lr 4.000e-04 | train loss 1.1210 acc 63.04% | val loss 0.9690 acc 69.93%
warmup 003/020 | lr 6.000e-04 | train loss 0.7348 acc 76.42% | val loss 0.6265 acc 80.72%
warmup 004/020 | lr 8.000e-04 | train loss 0.5857 acc 81.36% | val loss 0.5672 acc 81.68%
warmup 005/020 | lr 1.000e-03 | train loss 0.5326 acc 83.08% | val loss 0.4676 acc 85.45%
cosine 006/020 | lr 1.000e-03 | train loss 0.4918 acc 84.55% | val loss 0.4618 acc 85.46%
cosine 007/020 | lr 9.530e-04 | train loss 0.4494 acc 86.02% | val loss 0.4206 acc 87.27%
cosine 008/020 | lr 8.212e-04 | train loss 0.4061 acc 87.51% | val loss 0.3815 acc 88.26%
cosine 009/020 | lr 6.307e-04 | train loss 0.3730 acc 88.62% | val loss 0.3534 acc 89.42%
cosine 010/020 | lr 4.193e-04 | train loss 0.3471 acc 89.48% | val loss 0.3293 acc 90.23%
cosine 011/020 | lr 2.288e-04 | train loss 0.3250 acc 90.18% | val loss 0.3147 acc 90.93%
cosine 012/020 | lr 9.704e-05 | train loss 0.3120 acc 90.56% | val loss 0.3149 acc 90.48%
cosine 013/020 | lr 5.000e-05 | train loss 0.3050 acc 90.87% | val loss 0.3057 acc 91.06%
cosine 014/020 | lr 9.704e-05 | train loss 0.3064 acc 90.75% | val loss 0.3048 acc 91.04%
cosine 015/020 | lr 2.288e-04 | train loss 0.3131 acc 90.51% | val loss 0.3144 acc 90.63%
cosine 016/020 | lr 4.193e-04 | train loss 0.3209 acc 90.21% | val loss 0.3232 acc 90.49%
cosine 017/020 | lr 6.307e-04 | train loss 0.3202 acc 90.29% | val loss 0.3251 acc 90.40%
cosine 018/020 | lr 8.212e-04 | train loss 0.3233 acc 90.16% | val loss 0.3296 acc 89.78%
cosine 019/020 | lr 9.530e-04 | train loss 0.3194 acc 90.27% | val loss 0.3209 acc 90.13%
cosine 020/020 | lr 1.000e-03 | train loss 0.3071 acc 90.61% | val loss 0.2820 acc 91.70%
Latest checkpoint: sweep_mnist_20ep/lif_2x2__linear/latest.pt
Best checkpoint: sweep_mnist_20ep/lif_2x2__linear/best.pt (epoch 20, val acc 91.70%)
Training log: sweep_mnist_20ep/lif_2x2__linear/train.log
Metrics JSONL: sweep_mnist_20ep/lif_2x2__linear/metrics.jsonl
Metrics CSV: sweep_mnist_20ep/lif_2x2__linear/metrics.csv
Run args: sweep_mnist_20ep/lif_2x2__linear/args.json
