Logging to: sweep_runs/res_cnn__lif_count
Parameter summary:
  trainable : 272,522
  frozen    : 0
  total     : 272,522
  by module:
    encoder  trainable      234,624 | total      234,624
    backbone trainable       33,280 | total       33,280
    decoder  trainable        4,618 | total        4,618
Device: cuda
Pipeline: dataset=mnist, encoder=res_cnn, backbone=tpsapu, decoder=lif_count, pooling=last
Schedule: warmup=5, cosine=15, cosine_cycles=1.0, prune=0, prune_cycles=1.0, l2_prune_start=1.0e-07, l2_prune_growth_epochs=4, target_sparsity=95.0%, prune_ramp_epochs=1, prune_stabilize_epochs=-1
warmup 001/020 | lr 2.000e-04 | train loss 0.7984 acc 73.68% | val loss 0.2712 acc 91.04%
warmup 002/020 | lr 4.000e-04 | train loss 0.2334 acc 92.95% | val loss 0.1261 acc 95.90%
warmup 003/020 | lr 6.000e-04 | train loss 0.1484 acc 95.56% | val loss 0.0959 acc 97.12%
warmup 004/020 | lr 8.000e-04 | train loss 0.1057 acc 96.94% | val loss 0.0974 acc 97.19%
warmup 005/020 | lr 1.000e-03 | train loss 0.0894 acc 97.51% | val loss 0.0633 acc 98.29%
cosine 006/020 | lr 1.000e-03 | train loss 0.0661 acc 98.19% | val loss 0.0585 acc 98.31%
cosine 007/020 | lr 9.530e-04 | train loss 0.0463 acc 98.66% | val loss 0.0698 acc 98.08%
cosine 008/020 | lr 8.212e-04 | train loss 0.0346 acc 98.97% | val loss 0.0485 acc 98.76%
cosine 009/020 | lr 6.307e-04 | train loss 0.0181 acc 99.46% | val loss 0.0495 acc 98.63%
cosine 010/020 | lr 4.193e-04 | train loss 0.0093 acc 99.67% | val loss 0.0374 acc 99.11%
cosine 011/020 | lr 2.288e-04 | train loss 0.0034 acc 99.88% | val loss 0.0333 acc 99.10%
cosine 012/020 | lr 9.704e-05 | train loss 0.0016 acc 99.95% | val loss 0.0319 acc 99.11%
cosine 013/020 | lr 5.000e-05 | train loss 0.0010 acc 99.99% | val loss 0.0316 acc 99.11%
cosine 014/020 | lr 9.704e-05 | train loss 0.0009 acc 99.98% | val loss 0.0332 acc 99.14%
cosine 015/020 | lr 2.288e-04 | train loss 0.0025 acc 99.94% | val loss 0.0408 acc 98.97%
cosine 016/020 | lr 4.193e-04 | train loss 0.0135 acc 99.56% | val loss 0.0445 acc 98.90%
cosine 017/020 | lr 6.307e-04 | train loss 0.0163 acc 99.47% | val loss 0.0992 acc 97.93%
cosine 018/020 | lr 8.212e-04 | train loss 0.0219 acc 99.33% | val loss 0.0573 acc 98.61%
cosine 019/020 | lr 9.530e-04 | train loss 0.0203 acc 99.33% | val loss 0.0561 acc 98.69%
cosine 020/020 | lr 1.000e-03 | train loss 0.0191 acc 99.40% | val loss 0.0679 acc 98.48%
Latest checkpoint: sweep_runs/res_cnn__lif_count/latest.pt
Best checkpoint: sweep_runs/res_cnn__lif_count/best.pt (epoch 14, val acc 99.14%)
Training log: sweep_runs/res_cnn__lif_count/train.log
Metrics JSONL: sweep_runs/res_cnn__lif_count/metrics.jsonl
Metrics CSV: sweep_runs/res_cnn__lif_count/metrics.csv
Run args: sweep_runs/res_cnn__lif_count/args.json
