Logging to: sweep_mnist_20ep/lif_2x2__all_state_mlp
Parameter summary:
  trainable : 193,418
  frozen    : 0
  total     : 193,418
  by module:
    encoder  trainable       25,856 | total       25,856
    backbone trainable       33,280 | total       33,280
    decoder  trainable      134,282 | total      134,282
Device: cpu
Pipeline: dataset=mnist, encoder=lif_2x2, backbone=tpsapu, decoder=all_state_mlp, pooling=last
Schedule: warmup=5, cosine=15, cosine_cycles=1.0, prune=0, prune_cycles=1.0, l2_prune_start=1.0e-07, l2_prune_growth_epochs=4, target_sparsity=95.0%, prune_ramp_epochs=1, prune_stabilize_epochs=-1
warmup 001/020 | lr 2.000e-04 | train loss 1.9071 acc 29.97% | val loss 1.6276 acc 41.77%
warmup 002/020 | lr 4.000e-04 | train loss 1.4197 acc 49.30% | val loss 1.1619 acc 59.49%
warmup 003/020 | lr 6.000e-04 | train loss 0.8926 acc 69.39% | val loss 0.6691 acc 76.90%
warmup 004/020 | lr 8.000e-04 | train loss 0.6134 acc 79.68% | val loss 0.4512 acc 84.96%
warmup 005/020 | lr 1.000e-03 | train loss 0.4641 acc 85.21% | val loss 0.3900 acc 87.15%
cosine 006/020 | lr 1.000e-03 | train loss 0.3851 acc 87.74% | val loss 0.4343 acc 85.54%
cosine 007/020 | lr 9.530e-04 | train loss 0.3372 acc 89.26% | val loss 0.2888 acc 90.41%
cosine 008/020 | lr 8.212e-04 | train loss 0.2877 acc 90.83% | val loss 0.2515 acc 91.98%
cosine 009/020 | lr 6.307e-04 | train loss 0.2470 acc 92.14% | val loss 0.2127 acc 93.16%
cosine 010/020 | lr 4.193e-04 | train loss 0.2078 acc 93.42% | val loss 0.1966 acc 93.85%
cosine 011/020 | lr 2.288e-04 | train loss 0.1836 acc 94.34% | val loss 0.1792 acc 94.39%
cosine 012/020 | lr 9.704e-05 | train loss 0.1663 acc 94.72% | val loss 0.1725 acc 94.63%
cosine 013/020 | lr 5.000e-05 | train loss 0.1618 acc 94.94% | val loss 0.1712 acc 94.70%
cosine 014/020 | lr 9.704e-05 | train loss 0.1618 acc 94.85% | val loss 0.1680 acc 94.82%
cosine 015/020 | lr 2.288e-04 | train loss 0.1709 acc 94.59% | val loss 0.1727 acc 94.49%
cosine 016/020 | lr 4.193e-04 | train loss 0.1759 acc 94.42% | val loss 0.1818 acc 94.18%
cosine 017/020 | lr 6.307e-04 | train loss 0.1830 acc 94.21% | val loss 0.1810 acc 94.22%
cosine 018/020 | lr 8.212e-04 | train loss 0.1886 acc 94.08% | val loss 0.1849 acc 94.42%
cosine 019/020 | lr 9.530e-04 | train loss 0.1889 acc 93.89% | val loss 0.2014 acc 93.80%
cosine 020/020 | lr 1.000e-03 | train loss 0.1772 acc 94.50% | val loss 0.1874 acc 94.29%
Latest checkpoint: sweep_mnist_20ep/lif_2x2__all_state_mlp/latest.pt
Best checkpoint: sweep_mnist_20ep/lif_2x2__all_state_mlp/best.pt (epoch 14, val acc 94.82%)
Training log: sweep_mnist_20ep/lif_2x2__all_state_mlp/train.log
Metrics JSONL: sweep_mnist_20ep/lif_2x2__all_state_mlp/metrics.jsonl
Metrics CSV: sweep_mnist_20ep/lif_2x2__all_state_mlp/metrics.csv
Run args: sweep_mnist_20ep/lif_2x2__all_state_mlp/args.json
