Logging to: sweep_runs_20ep_mnist_no_backbone/lif_2x2__linear
Parameter summary:
  trainable : 27,402
  frozen    : 0
  total     : 27,402
  by module:
    encoder  trainable       25,856 | total       25,856
    decoder  trainable        1,546 | total        1,546
Device: cuda
Pipeline: dataset=mnist, encoder=lif_2x2, backbone=none, decoder=linear, pooling=mean
Schedule: warmup=5, cosine=15, cosine_cycles=1.0, finetune=0, finetune_cycles=1.0, finetune_lr_scale=0.2
warmup 001/020 | lr 2.000e-04 | train loss 2.1820 acc 19.22% | val loss 2.1346 acc 21.07%
warmup 002/020 | lr 4.000e-04 | train loss 2.0913 acc 23.53% | val loss 2.0678 acc 23.75%
warmup 003/020 | lr 6.000e-04 | train loss 2.0302 acc 26.45% | val loss 2.0177 acc 25.82%
warmup 004/020 | lr 8.000e-04 | train loss 1.9799 acc 28.44% | val loss 1.9587 acc 29.41%
warmup 005/020 | lr 1.000e-03 | train loss 1.9570 acc 29.34% | val loss 1.9421 acc 29.92%
cosine 006/020 | lr 1.000e-03 | train loss 1.9428 acc 30.11% | val loss 1.9450 acc 29.19%
cosine 007/020 | lr 9.530e-04 | train loss 1.9259 acc 30.68% | val loss 1.9175 acc 30.19%
cosine 008/020 | lr 8.212e-04 | train loss 1.9018 acc 31.65% | val loss 1.8828 acc 32.28%
cosine 009/020 | lr 6.307e-04 | train loss 1.8778 acc 32.54% | val loss 1.8670 acc 32.92%
cosine 010/020 | lr 4.193e-04 | train loss 1.8557 acc 33.26% | val loss 1.8430 acc 33.44%
cosine 011/020 | lr 2.288e-04 | train loss 1.8336 acc 34.20% | val loss 1.8328 acc 33.51%
cosine 012/020 | lr 9.704e-05 | train loss 1.8241 acc 34.44% | val loss 1.8265 acc 33.68%
cosine 013/020 | lr 5.000e-05 | train loss 1.8204 acc 34.51% | val loss 1.8243 acc 33.97%
cosine 014/020 | lr 9.704e-05 | train loss 1.8180 acc 34.43% | val loss 1.8224 acc 33.96%
cosine 015/020 | lr 2.288e-04 | train loss 1.8135 acc 34.63% | val loss 1.8150 acc 34.34%
cosine 016/020 | lr 4.193e-04 | train loss 1.8060 acc 34.86% | val loss 1.8232 acc 33.80%
cosine 017/020 | lr 6.307e-04 | train loss 1.7995 acc 34.68% | val loss 1.7938 acc 34.95%
cosine 018/020 | lr 8.212e-04 | train loss 1.7976 acc 35.01% | val loss 1.8099 acc 34.77%
cosine 019/020 | lr 9.530e-04 | train loss 1.7974 acc 34.49% | val loss 1.8077 acc 33.70%
cosine 020/020 | lr 1.000e-03 | train loss 1.7945 acc 34.76% | val loss 1.7843 acc 35.06%
Latest checkpoint: sweep_runs_20ep_mnist_no_backbone/lif_2x2__linear/latest.pt
Best checkpoint: sweep_runs_20ep_mnist_no_backbone/lif_2x2__linear/best.pt (epoch 20, val acc 35.06%)
Training log: sweep_runs_20ep_mnist_no_backbone/lif_2x2__linear/train.log
Metrics JSONL: sweep_runs_20ep_mnist_no_backbone/lif_2x2__linear/metrics.jsonl
Metrics CSV: sweep_runs_20ep_mnist_no_backbone/lif_2x2__linear/metrics.csv
Run args: sweep_runs_20ep_mnist_no_backbone/lif_2x2__linear/args.json
