Logging to: sweep_runs/cnn3__linear
Parameter summary:
  trainable : 153,290
  frozen    : 0
  total     : 153,290
  by module:
    encoder  trainable      117,696 | total      117,696
    backbone trainable       33,280 | total       33,280
    decoder  trainable        2,314 | total        2,314
Device: cuda
Pipeline: dataset=mnist, encoder=cnn3, backbone=tpsapu, decoder=linear, pooling=last
Schedule: warmup=5, cosine=15, cosine_cycles=1.0, prune=0, prune_cycles=1.0, l2_prune_start=1.0e-07, l2_prune_growth_epochs=4, target_sparsity=95.0%, prune_ramp_epochs=1, prune_stabilize_epochs=-1
warmup 001/020 | lr 2.000e-04 | train loss 0.7368 acc 76.24% | val loss 0.3648 acc 87.79%
warmup 002/020 | lr 4.000e-04 | train loss 0.2066 acc 93.85% | val loss 0.0977 acc 96.93%
warmup 003/020 | lr 6.000e-04 | train loss 0.0945 acc 97.05% | val loss 0.0592 acc 98.20%
warmup 004/020 | lr 8.000e-04 | train loss 0.0633 acc 97.98% | val loss 0.0519 acc 98.22%
warmup 005/020 | lr 1.000e-03 | train loss 0.0443 acc 98.64% | val loss 0.0385 acc 98.77%
cosine 006/020 | lr 1.000e-03 | train loss 0.0324 acc 98.98% | val loss 0.0376 acc 98.86%
cosine 007/020 | lr 9.530e-04 | train loss 0.0233 acc 99.25% | val loss 0.0364 acc 98.76%
cosine 008/020 | lr 8.212e-04 | train loss 0.0152 acc 99.53% | val loss 0.0297 acc 99.06%
cosine 009/020 | lr 6.307e-04 | train loss 0.0075 acc 99.79% | val loss 0.0276 acc 99.21%
cosine 010/020 | lr 4.193e-04 | train loss 0.0040 acc 99.89% | val loss 0.0245 acc 99.20%
cosine 011/020 | lr 2.288e-04 | train loss 0.0017 acc 99.98% | val loss 0.0214 acc 99.29%
cosine 012/020 | lr 9.704e-05 | train loss 0.0011 acc 99.99% | val loss 0.0212 acc 99.36%
cosine 013/020 | lr 5.000e-05 | train loss 0.0009 acc 100.00% | val loss 0.0209 acc 99.35%
cosine 014/020 | lr 9.704e-05 | train loss 0.0009 acc 99.99% | val loss 0.0213 acc 99.34%
cosine 015/020 | lr 2.288e-04 | train loss 0.0018 acc 99.96% | val loss 0.0290 acc 99.19%
cosine 016/020 | lr 4.193e-04 | train loss 0.0107 acc 99.64% | val loss 0.0293 acc 99.15%
cosine 017/020 | lr 6.307e-04 | train loss 0.0119 acc 99.57% | val loss 0.0337 acc 99.00%
cosine 018/020 | lr 8.212e-04 | train loss 0.0103 acc 99.65% | val loss 0.0396 acc 98.85%
cosine 019/020 | lr 9.530e-04 | train loss 0.0139 acc 99.54% | val loss 0.0357 acc 98.86%
cosine 020/020 | lr 1.000e-03 | train loss 0.0088 acc 99.73% | val loss 0.0396 acc 98.95%
Latest checkpoint: sweep_runs/cnn3__linear/latest.pt
Best checkpoint: sweep_runs/cnn3__linear/best.pt (epoch 12, val acc 99.36%)
Training log: sweep_runs/cnn3__linear/train.log
Metrics JSONL: sweep_runs/cnn3__linear/metrics.jsonl
Metrics CSV: sweep_runs/cnn3__linear/metrics.csv
Run args: sweep_runs/cnn3__linear/args.json
