Logging to: sweep_runs/cnn2__lif_count
Parameter summary:
  trainable : 118,666
  frozen    : 0
  total     : 118,666
  by module:
    encoder  trainable       80,768 | total       80,768
    backbone trainable       33,280 | total       33,280
    decoder  trainable        4,618 | total        4,618
Device: cuda
Pipeline: dataset=mnist, encoder=cnn2, backbone=tpsapu, decoder=lif_count, pooling=last
Schedule: warmup=5, cosine=15, cosine_cycles=1.0, prune=0, prune_cycles=1.0, l2_prune_start=1.0e-07, l2_prune_growth_epochs=4, target_sparsity=95.0%, prune_ramp_epochs=1, prune_stabilize_epochs=-1
warmup 001/020 | lr 2.000e-04 | train loss 0.8961 acc 68.99% | val loss 0.3499 acc 87.63%
warmup 002/020 | lr 4.000e-04 | train loss 0.3109 acc 90.08% | val loss 0.1700 acc 94.46%
warmup 003/020 | lr 6.000e-04 | train loss 0.1999 acc 93.77% | val loss 0.1217 acc 96.00%
warmup 004/020 | lr 8.000e-04 | train loss 0.1435 acc 95.63% | val loss 0.0785 acc 97.49%
warmup 005/020 | lr 1.000e-03 | train loss 0.1120 acc 96.57% | val loss 0.0867 acc 97.31%
cosine 006/020 | lr 1.000e-03 | train loss 0.0871 acc 97.32% | val loss 0.0775 acc 97.39%
cosine 007/020 | lr 9.530e-04 | train loss 0.0673 acc 97.93% | val loss 0.0538 acc 98.20%
cosine 008/020 | lr 8.212e-04 | train loss 0.0503 acc 98.43% | val loss 0.0638 acc 98.02%
cosine 009/020 | lr 6.307e-04 | train loss 0.0345 acc 98.88% | val loss 0.0544 acc 98.35%
cosine 010/020 | lr 4.193e-04 | train loss 0.0262 acc 99.15% | val loss 0.0523 acc 98.30%
cosine 011/020 | lr 2.288e-04 | train loss 0.0160 acc 99.46% | val loss 0.0369 acc 98.79%
cosine 012/020 | lr 9.704e-05 | train loss 0.0108 acc 99.64% | val loss 0.0316 acc 99.05%
cosine 013/020 | lr 5.000e-05 | train loss 0.0092 acc 99.70% | val loss 0.0329 acc 98.99%
cosine 014/020 | lr 9.704e-05 | train loss 0.0090 acc 99.72% | val loss 0.0374 acc 98.86%
cosine 015/020 | lr 2.288e-04 | train loss 0.0131 acc 99.56% | val loss 0.0406 acc 98.69%
cosine 016/020 | lr 4.193e-04 | train loss 0.0184 acc 99.39% | val loss 0.0437 acc 98.67%
cosine 017/020 | lr 6.307e-04 | train loss 0.0267 acc 99.12% | val loss 0.0545 acc 98.42%
cosine 018/020 | lr 8.212e-04 | train loss 0.0325 acc 98.93% | val loss 0.0592 acc 98.32%
cosine 019/020 | lr 9.530e-04 | train loss 0.0335 acc 98.89% | val loss 0.0467 acc 98.62%
cosine 020/020 | lr 1.000e-03 | train loss 0.0286 acc 99.05% | val loss 0.0494 acc 98.59%
Latest checkpoint: sweep_runs/cnn2__lif_count/latest.pt
Best checkpoint: sweep_runs/cnn2__lif_count/best.pt (epoch 12, val acc 99.05%)
Training log: sweep_runs/cnn2__lif_count/train.log
Metrics JSONL: sweep_runs/cnn2__lif_count/metrics.jsonl
Metrics CSV: sweep_runs/cnn2__lif_count/metrics.csv
Run args: sweep_runs/cnn2__lif_count/args.json
